<?xml version="1.0" encoding="UTF-8"?>
<!-- Generated by org.testng.reporters.JUnitXMLReporter -->
<testsuite ignored="0" hostname="RAGHU_K" failures="0" tests="31" name="Test" time="132.5" errors="0" timestamp="2025-09-08T18:40:11 IST">
  <testcase classname="tests.ProductTest" name="testAddMultipleProductsToCart" time="0.413"/>
  <testcase classname="tests.ProductTest" name="testAddProductToCart" time="0.248"/>
  <testcase classname="tests.ProductTest" name="testClickProductDetailsPage" time="0.208"/>
  <testcase classname="tests.ProductTest" name="testProductListingPage" time="0.056"/>
  <testcase classname="tests.ProductTest" name="testProductNamesAndPricesDisplayed" time="0.079"/>
  <testcase classname="tests.ProductTest" name="testRemoveProductFromCart" time="0.376"/>
  <testcase classname="tests.ProductTest" name="testSortingOptions" time="0.734"/>
  <testcase classname="tests.LoginTest" name="testEmptyCredentials" time="0.604"/>
  <testcase classname="tests.LoginTest" name="testErrorMessageText" time="0.725"/>
  <testcase classname="tests.LoginTest" name="testInvalidCredentials" time="0.706"/>
  <testcase classname="tests.LoginTest" name="testLockedOutUser" time="0.69"/>
  <testcase classname="tests.LoginTest" name="testLogoutFunctionality" time="1.687"/>
  <testcase classname="tests.LoginTest" name="testPerformanceGlitchUserLogin" time="5.8"/>
  <testcase classname="tests.LoginTest" name="testProblemUserLogin" time="0.726"/>
  <testcase classname="tests.LoginTest" name="testValidLoginStandardUser" time="0.772"/>
  <testcase classname="tests.CartTest" name="testContinueShoppingFromCart" time="0.556"/>
  <testcase classname="tests.CartTest" name="testProceedToCheckout" time="0.483"/>
  <testcase classname="tests.CartTest" name="testRemoveItemFromCart" time="10.505"/>
  <testcase classname="tests.CartTest" name="testVerifyCartItems" time="0.574"/>
  <testcase classname="tests.CheckoutTest" name="testBackHomeFromCheckoutComplete" time="0.828"/>
  <testcase classname="tests.CheckoutTest" name="testCancelCheckout" time="0.65"/>
  <testcase classname="tests.CheckoutTest" name="testCompleteCheckoutValidData" time="0.682"/>
  <testcase classname="tests.CheckoutTest" name="testEmptyFirstName" time="0.614"/>
  <testcase classname="tests.CheckoutTest" name="testEmptyPostalCode" time="0.397"/>
  <testcase classname="tests.CheckoutTest" name="testOrderConfirmationPage" time="0.687"/>
  <testcase classname="tests.CheckoutTest" name="testOrderSummaryValidation" time="0.564"/>
  <testcase classname="tests.UITest" name="testBurgerMenuPresence" time="0.043"/>
  <testcase classname="tests.UITest" name="testFooterLinksAndIcons" time="0.13"/>
  <testcase classname="tests.UITest" name="testLogoutFromBurgerMenu" time="0.903"/>
  <testcase classname="tests.UITest" name="testNavigateToAbout" time="3.933"/>
  <testcase classname="tests.UITest" name="testResetAppState" time="0.901"/>
</testsuite> <!-- Test -->
